TN:
SF:/Users/a664743/Developer/nodejs-ts-primer/functions/src/index.ts
FNF:0
FNH:0
DA:9,0
DA:11,0
LF:2
LH:0
BRF:0
BRH:0
end_of_record
TN:
SF:/Users/a664743/Developer/nodejs-ts-primer/functions/src/microservice/index.ts
FNF:0
FNH:0
LF:0
LH:0
BRF:0
BRH:0
end_of_record
TN:
SF:/Users/a664743/Developer/nodejs-ts-primer/functions/src/microservice/1.0/index.ts
FNF:0
FNH:0
DA:7,0
DA:9,0
DA:11,0
LF:3
LH:0
BRF:0
BRH:0
end_of_record
TN:
SF:/Users/a664743/Developer/nodejs-ts-primer/functions/src/microservice/1.0/main.ts
FN:15,(anonymous_0)
FNF:1
FNH:0
FNDA:0,(anonymous_0)
DA:7,0
DA:10,0
DA:11,0
DA:14,0
DA:16,0
DA:20,0
DA:23,0
LF:7
LH:0
BRF:0
BRH:0
end_of_record
TN:
SF:/Users/a664743/Developer/nodejs-ts-primer/functions/src/microservice/1.0/middleware/show-endpoint.ts
FN:3,(anonymous_0)
FN:10,(anonymous_1)
FN:25,(anonymous_2)
FNF:3
FNH:0
FNDA:0,(anonymous_0)
FNDA:0,(anonymous_1)
FNDA:0,(anonymous_2)
DA:3,0
DA:4,0
DA:7,0
DA:10,0
DA:15,0
DA:18,0
DA:22,0
DA:26,0
LF:8
LH:0
BRF:0
BRH:0
end_of_record
